#
# A fatal error has been detected by the Java Runtime Environment:
#
#  Internal Error (javaClasses.cpp:129), pid=11080, tid=8920
#  fatal error: Invalid layout of preloaded class
#
# JRE version: 7.0_17-b02
# Java VM: Java HotSpot(TM) 64-Bit Server VM (23.7-b01 mixed mode windows-amd64 compressed oops)
# Failed to write core dump. Minidumps are not enabled by default on client versions of Windows
#
# If you would like to submit a bug report, please visit:
#   http://bugreport.sun.com/bugreport/crash.jsp
#

---------------  T H R E A D  ---------------

Current thread (0x0000000002c6e000):  JavaThread "Unknown thread" [_thread_in_vm, id=8920, stack(0x0000000002690000,0x0000000002790000)]

Stack: [0x0000000002690000,0x0000000002790000]

---------------  P R O C E S S  ---------------

Java Threads: ( => current thread )

Other Threads:

=>0x0000000002c6e000 (exited) JavaThread "Unknown thread" [_thread_in_vm, id=8920, stack(0x0000000002690000,0x0000000002790000)]

VM state:not at safepoint (not fully initialized)

VM Mutex/Monitor currently owned by a thread: None

GC Heap History (0 events):
No events

Deoptimization events (0 events):
No events

Internal exceptions (0 events):
No events

Events (10 events):
Event: 0.012 loading class 0x0000000002af86e0 done
Event: 0.013 loading class 0x0000000002abac40 done
Event: 0.013 loading class 0x0000000002ababe0
Event: 0.013 loading class 0x000000000ba6fc50
Event: 0.013 loading class 0x000000000ba6fc50 done
Event: 0.013 loading class 0x000000000ba6f150
Event: 0.013 loading class 0x000000000ba6f150 done
Event: 0.013 loading class 0x000000000ba6d2d0
Event: 0.013 loading class 0x000000000ba6d2d0 done
Event: 0.013 loading class 0x0000000002ababe0 done


Dynamic libraries:
0x00007ff69f880000 - 0x00007ff69f8b3000 	C:\Program Files\Java\jdk1.7.0_17\bin\javaw.exe
0x00007ffe863a0000 - 0x00007ffe8654c000 	C:\windows\SYSTEM32\ntdll.dll
0x00007ffe84d40000 - 0x00007ffe84e7e000 	C:\windows\system32\KERNEL32.DLL
0x00007ffe833d0000 - 0x00007ffe834e5000 	C:\windows\system32\KERNELBASE.dll
0x00007ffe81d20000 - 0x00007ffe81dae000 	C:\windows\system32\apphelp.dll
0x00007ffe75f70000 - 0x00007ffe75fc3000 	C:\windows\AppPatch\AppPatch64\AcGenral.DLL
0x00007ffe849b0000 - 0x00007ffe84a5a000 	C:\windows\system32\msvcrt.dll
0x00007ffe82fa0000 - 0x00007ffe82fce000 	C:\windows\SYSTEM32\SspiCli.dll
0x00007ffe84470000 - 0x00007ffe844c4000 	C:\windows\system32\SHLWAPI.dll
0x00007ffe84630000 - 0x00007ffe847a7000 	C:\windows\system32\USER32.dll
0x00007ffe83970000 - 0x00007ffe83b04000 	C:\windows\system32\ole32.dll
0x00007ffe84e80000 - 0x00007ffe86398000 	C:\windows\system32\SHELL32.dll
0x00007ffe82770000 - 0x00007ffe82791000 	C:\windows\SYSTEM32\USERENV.dll
0x00007ffe838c0000 - 0x00007ffe8396a000 	C:\windows\system32\ADVAPI32.dll
0x00007ffe7b790000 - 0x00007ffe7b7ae000 	C:\windows\SYSTEM32\MPR.dll
0x00007ffe84320000 - 0x00007ffe84461000 	C:\windows\system32\RPCRT4.dll
0x00007ffe84ce0000 - 0x00007ffe84d39000 	C:\windows\SYSTEM32\sechost.dll
0x00007ffe83e00000 - 0x00007ffe84011000 	C:\windows\SYSTEM32\combase.dll
0x00007ffe83720000 - 0x00007ffe83871000 	C:\windows\system32\GDI32.dll
0x00007ffe83100000 - 0x00007ffe83115000 	C:\windows\SYSTEM32\profapi.dll
0x00007ffe81040000 - 0x00007ffe810f2000 	C:\windows\SYSTEM32\SHCORE.dll
0x00007ffe83880000 - 0x00007ffe838b6000 	C:\windows\system32\IMM32.DLL
0x00007ffe844d0000 - 0x00007ffe84622000 	C:\windows\system32\MSCTF.dll
0x00007ffe80270000 - 0x00007ffe804ea000 	C:\windows\WinSxS\amd64_microsoft.windows.common-controls_6595b64144ccf1df_6.0.9600.17810_none_6240b9c7ecbd0bda\COMCTL32.dll
0x0000000068fa0000 - 0x0000000069071000 	C:\Program Files\Java\jdk1.7.0_17\jre\bin\msvcr100.dll
0x0000000068380000 - 0x0000000068a9f000 	C:\Program Files\Java\jdk1.7.0_17\jre\bin\server\jvm.dll
0x00007ffe7bfe0000 - 0x00007ffe7bfe9000 	C:\windows\SYSTEM32\WSOCK32.dll
0x00007ffe832f0000 - 0x00007ffe83312000 	C:\windows\system32\WINMM.dll
0x00007ffe84980000 - 0x00007ffe84987000 	C:\windows\system32\PSAPI.DLL
0x00007ffe848b0000 - 0x00007ffe8490a000 	C:\windows\system32\WS2_32.dll
0x00007ffe83200000 - 0x00007ffe8322a000 	C:\windows\system32\WINMMBASE.dll
0x00007ffe83cb0000 - 0x00007ffe83cb9000 	C:\windows\system32\NSI.dll
0x00007ffe834f0000 - 0x00007ffe8353f000 	C:\windows\SYSTEM32\cfgmgr32.dll
0x00007ffe831b0000 - 0x00007ffe831d8000 	C:\windows\system32\DEVOBJ.dll
0x0000000068290000 - 0x000000006829f000 	C:\Program Files\Java\jdk1.7.0_17\jre\bin\verify.dll
0x0000000068260000 - 0x0000000068288000 	C:\Program Files\Java\jdk1.7.0_17\jre\bin\java.dll
0x0000000068240000 - 0x0000000068255000 	C:\Program Files\Java\jdk1.7.0_17\jre\bin\zip.dll

VM Arguments:
jvm_args: -Dfile.encoding=UTF-8 -Xbootclasspath:C:\android\soft\android-sdk-windows\android-sdk-windows\platforms\android-15\android.jar 
java_command: cn.com.health.pro.abstracts.ParentShareInfoActivity
Launcher Type: SUN_STANDARD

Environment Variables:
JAVA_HOME=C:\Program Files\Java\jdk1.7.0_17
CLASSPATH= C:\Program Files\Java\jdk1.7.0_17\bin;C:\Program Files\Java\jdk1.7.0_17\jre\bin;
PATH=C:/Program Files/Java/jdk1.7.0_17/bin/../jre/bin/server;C:/Program Files/Java/jdk1.7.0_17/bin/../jre/bin;C:/Program Files/Java/jdk1.7.0_17/bin/../jre/lib/amd64;C:\windows\system32;C:\windows;C:\windows\System32\Wbem;C:\windows\System32\WindowsPowerShell\v1.0\;D:\Program Files (x86)\MySQL\MySQL Server 5.1\bin;C:\Program Files\Java\jdk1.7.0_17\bin;C:\Program Files\Java\jdk1.7.0_17\jre\bin;D:\Program Files\TortoiseSVN\bin;.C:\Program Files\Java\jdk1.7.0_17\lib;C:\Program Files\Java\jdk1.7.0_17\lib\tools.jar;C:\android\soft\android-sdk-windows\android-sdk-windows\platform-tools;C:\android\soft\android-sdk-windows\android-sdk-windows\tools;C:\android\soft\eclipse_64\eclipse;
USERNAME=pang
OS=Windows_NT
PROCESSOR_IDENTIFIER=Intel64 Family 6 Model 69 Stepping 1, GenuineIntel



---------------  S Y S T E M  ---------------

OS: Windows 8 , 64 bit Build 9200 

CPU:total 4 (2 cores per cpu, 2 threads per core) family 6 model 69 stepping 1, cmov, cx8, fxsr, mmx, sse, sse2, sse3, ssse3, sse4.1, sse4.2, popcnt, avx, avx2, ht, tsc, tscinvbit

Memory: 4k page, physical 8291400k(4930028k free), swap 9602120k(5688532k free)

vm_info: Java HotSpot(TM) 64-Bit Server VM (23.7-b01) for windows-amd64 JRE (1.7.0_17-b02), built on Mar  1 2013 03:38:30 by "java_re" with unknown MS VC++:1600

time: Mon Jun 22 13:43:26 2015
elapsed time: 0 seconds

